<?xml version="1.0" encoding="UTF-8"?>
<!-- Generated by org.testng.reporters.JUnitReportReporter -->
<testsuite hostname="LAPTOP-AVPHVKGE" failures="0" tests="2" name="com.knowIt.testcases.ChaseitInvoicesT9" time="198.412" errors="0" timestamp="2022-03-09T16:20:02 GMT" skipped="0">
  <testcase classname="com.knowIt.testcases.ChaseitInvoicesT9" name="invoices" time="178.114"/>
  <system-out/>
  <testcase classname="com.knowIt.testcases.ChaseitInvoicesT9" name="login" time="20.298"/>
  <system-out/>
</testsuite> <!-- com.knowIt.testcases.ChaseitInvoicesT9 -->
