<?xml version="1.0" encoding="UTF-8"?>
<!-- Generated by org.testng.reporters.JUnitReportReporter -->
<testsuite hostname="LAPTOP-AVPHVKGE" failures="0" tests="1" name="com.knowIt.pages.BaseClass" time="20.285" errors="0" timestamp="2022-03-01T14:09:02 GMT" skipped="0">
  <testcase classname="com.knowIt.pages.BaseClass" name="login" time="20.285"/>
  <system-out/>
</testsuite> <!-- com.knowIt.pages.BaseClass -->
