<?xml version="1.0" encoding="UTF-8"?>
<!-- Generated by org.testng.reporters.JUnitReportReporter -->
<testsuite hostname="LAPTOP-AVPHVKGE" failures="0" tests="2" name="com.knowIt.testcases.CheckitCreditreportsT11" time="86.436" errors="0" timestamp="2022-03-09T14:35:49 GMT" skipped="0">
  <testcase classname="com.knowIt.testcases.CheckitCreditreportsT11" name="login" time="20.280"/>
  <system-out/>
  <testcase classname="com.knowIt.testcases.CheckitCreditreportsT11" name="creditReports" time="66.156"/>
  <system-out/>
</testsuite> <!-- com.knowIt.testcases.CheckitCreditreportsT11 -->
