<?xml version="1.0" encoding="UTF-8"?>
<!-- Generated by org.testng.reporters.JUnitReportReporter -->
<testsuite hostname="LAPTOP-AVPHVKGE" failures="0" tests="1" name="com.knowIt.pages.BaseClass" time="15.256" errors="0" timestamp="2022-01-05T17:43:00 GMT" skipped="0">
  <testcase classname="com.knowIt.pages.BaseClass" name="login" time="15.256"/>
  <system-out/>
</testsuite> <!-- com.knowIt.pages.BaseClass -->
