<?xml version="1.0" encoding="UTF-8"?>
<!-- Generated by org.testng.reporters.JUnitReportReporter -->
<testsuite hostname="LAPTOP-AVPHVKGE" failures="0" tests="2" name="com.knowIt.testcases.CheckitNoticeT13" time="66.585" errors="0" timestamp="2022-03-09T14:25:51 GMT" skipped="0">
  <testcase classname="com.knowIt.testcases.CheckitNoticeT13" name="checknotices" time="46.293"/>
  <system-out/>
  <testcase classname="com.knowIt.testcases.CheckitNoticeT13" name="login" time="20.292"/>
  <system-out/>
</testsuite> <!-- com.knowIt.testcases.CheckitNoticeT13 -->
