<?xml version="1.0" encoding="UTF-8"?>
<!-- Generated by org.testng.reporters.JUnitReportReporter -->
<testsuite hostname="LAPTOP-AVPHVKGE" failures="0" tests="1" name="com.knowIt.testcases.CreateAccountT3" time="35.668" errors="0" timestamp="2022-02-23T14:19:41 GMT" skipped="0">
  <testcase classname="com.knowIt.testcases.CreateAccountT3" name="newaccount" time="35.668"/>
  <system-out/>
</testsuite> <!-- com.knowIt.testcases.CreateAccountT3 -->
