<?xml version="1.0" encoding="UTF-8"?>
<!-- Generated by org.testng.reporters.JUnitReportReporter -->
<testsuite hostname="LAPTOP-AVPHVKGE" failures="0" tests="1" name="com.knowIt.testcases.ForgotPasswordT5" time="20.405" errors="0" timestamp="2022-03-09T10:40:08 GMT" skipped="0">
  <testcase classname="com.knowIt.testcases.ForgotPasswordT5" name="forgotpswd" time="20.405"/>
  <system-out/>
</testsuite> <!-- com.knowIt.testcases.ForgotPasswordT5 -->
