<?xml version="1.0" encoding="UTF-8"?>
<!-- Generated by org.testng.reporters.JUnitReportReporter -->
<testsuite hostname="LAPTOP-AVPHVKGE" failures="0" tests="2" name="com.knowIt.testcases.ChaseitSettingsT8" time="64.626" errors="0" timestamp="2022-01-21T16:18:08 GMT" skipped="0">
  <testcase classname="com.knowIt.testcases.ChaseitSettingsT8" name="login" time="15.283"/>
  <system-out/>
  <testcase classname="com.knowIt.testcases.ChaseitSettingsT8" name="chasesettings" time="49.343"/>
  <system-out/>
</testsuite> <!-- com.knowIt.testcases.ChaseitSettingsT8 -->
