<?xml version="1.0" encoding="UTF-8"?>
<!-- Generated by org.testng.reporters.JUnitReportReporter -->
<testsuite hostname="LAPTOP-AVPHVKGE" failures="0" tests="2" name="com.knowIt.testcases.ChaseitSettingsT8" time="76.719" errors="0" timestamp="2022-03-09T15:31:18 GMT" skipped="0">
  <testcase classname="com.knowIt.testcases.ChaseitSettingsT8" name="login" time="20.291"/>
  <system-out/>
  <testcase classname="com.knowIt.testcases.ChaseitSettingsT8" name="chasesettings" time="56.428"/>
  <system-out/>
</testsuite> <!-- com.knowIt.testcases.ChaseitSettingsT8 -->
