<?xml version="1.0" encoding="UTF-8"?>
<!-- Generated by org.testng.reporters.JUnitReportReporter -->
<testsuite hostname="LAPTOP-AVPHVKGE" failures="0" tests="2" name="com.knowIt.testcases.MyinterationT6" time="97.801" errors="0" timestamp="2022-03-09T10:42:15 GMT" skipped="0">
  <testcase classname="com.knowIt.testcases.MyinterationT6" name="login" time="20.284"/>
  <system-out/>
  <testcase classname="com.knowIt.testcases.MyinterationT6" name="acintegration" time="77.517"/>
  <system-out/>
</testsuite> <!-- com.knowIt.testcases.MyinterationT6 -->
