<?xml version="1.0" encoding="UTF-8"?>
<!-- Generated by org.testng.reporters.JUnitReportReporter -->
<testsuite hostname="LAPTOP-AVPHVKGE" failures="0" tests="2" name="com.knowIt.testcases.CheckitUnsecuredCreditors15" time="45.994" errors="0" timestamp="2022-03-09T15:03:55 GMT" skipped="0">
  <testcase classname="com.knowIt.testcases.CheckitUnsecuredCreditors15" name="unsecuredCreditors" time="25.710"/>
  <system-out/>
  <testcase classname="com.knowIt.testcases.CheckitUnsecuredCreditors15" name="login" time="20.284"/>
  <system-out/>
</testsuite> <!-- com.knowIt.testcases.CheckitUnsecuredCreditors15 -->
