<?xml version="1.0" encoding="UTF-8"?>
<!-- Generated by org.testng.reporters.JUnitReportReporter -->
<testsuite hostname="LAPTOP-AVPHVKGE" failures="0" tests="2" name="com.knowIt.testcases.CheckitDashboardT10" time="117.375" errors="0" timestamp="2022-03-09T15:02:00 GMT" skipped="0">
  <testcase classname="com.knowIt.testcases.CheckitDashboardT10" name="Dashboard" time="97.080"/>
  <system-out/>
  <testcase classname="com.knowIt.testcases.CheckitDashboardT10" name="login" time="20.295"/>
  <system-out/>
</testsuite> <!-- com.knowIt.testcases.CheckitDashboardT10 -->
