<?xml version="1.0" encoding="UTF-8"?>
<!-- Generated by org.testng.reporters.JUnitReportReporter -->
<testsuite hostname="LAPTOP-AVPHVKGE" failures="0" tests="1" name="com.knowIt.testcases.CreateAccountT3" time="35.678" errors="0" timestamp="2022-03-09T09:58:05 GMT" skipped="0">
  <testcase classname="com.knowIt.testcases.CreateAccountT3" name="newaccount" time="35.678"/>
  <system-out/>
</testsuite> <!-- com.knowIt.testcases.CreateAccountT3 -->
