<?xml version="1.0" encoding="UTF-8"?>
<!-- Generated by org.testng.reporters.JUnitReportReporter -->
<testsuite hostname="LAPTOP-AVPHVKGE" failures="0" tests="1" name="com.knowIt.testcases.XeroSignupT4" time="12.552" errors="0" timestamp="2022-03-09T10:29:15 GMT" skipped="0">
  <testcase classname="com.knowIt.testcases.XeroSignupT4" name="xerosignup" time="12.552"/>
  <system-out/>
</testsuite> <!-- com.knowIt.testcases.XeroSignupT4 -->
