<?xml version="1.0" encoding="UTF-8"?>
<!-- Generated by org.testng.reporters.JUnitReportReporter -->
<testsuite hostname="LAPTOP-AVPHVKGE" failures="0" tests="1" name="com.knowIt.testcases.LoginT1" time="20.328" errors="0" timestamp="2022-03-09T10:00:29 GMT" skipped="0">
  <testcase classname="com.knowIt.testcases.LoginT1" name="login" time="20.328"/>
  <system-out/>
</testsuite> <!-- com.knowIt.testcases.LoginT1 -->
