<?xml version="1.0" encoding="UTF-8"?>
<!-- Generated by org.testng.reporters.JUnitReportReporter -->
<testsuite hostname="LAPTOP-AVPHVKGE" failures="0" tests="2" name="com.knowIt.testcases.MyinterationT6" time="98.652" errors="0" timestamp="2022-02-23T16:18:16 GMT" skipped="0">
  <testcase classname="com.knowIt.testcases.MyinterationT6" name="acintegration" time="78.366"/>
  <system-out/>
  <testcase classname="com.knowIt.testcases.MyinterationT6" name="login" time="20.286"/>
  <system-out/>
</testsuite> <!-- com.knowIt.testcases.MyinterationT6 -->
