<?xml version="1.0" encoding="UTF-8"?>
<!-- Generated by org.testng.reporters.JUnitReportReporter -->
<testsuite hostname="LAPTOP-AVPHVKGE" failures="0" tests="1" name="com.knowIt.testcases.LoginT1" time="20.362" errors="0" timestamp="2022-02-23T14:41:13 GMT" skipped="0">
  <testcase classname="com.knowIt.testcases.LoginT1" name="login" time="20.362"/>
  <system-out/>
</testsuite> <!-- com.knowIt.testcases.LoginT1 -->
