<?xml version="1.0" encoding="UTF-8"?>
<!-- Generated by org.testng.reporters.JUnitReportReporter -->
<testsuite hostname="LAPTOP-AVPHVKGE" failures="0" tests="2" name="com.knowIt.testcases.CheckitCreditMonitoringT12" time="40.779" errors="0" timestamp="2022-03-09T14:38:26 GMT" skipped="0">
  <testcase classname="com.knowIt.testcases.CheckitCreditMonitoringT12" name="monitoring" time="20.460"/>
  <system-out/>
  <testcase classname="com.knowIt.testcases.CheckitCreditMonitoringT12" name="login" time="20.319"/>
  <system-out/>
</testsuite> <!-- com.knowIt.testcases.CheckitCreditMonitoringT12 -->
